<?xml version="1.0" encoding="UTF-8"?>
<!-- Generated by org.testng.reporters.JUnitXMLReporter -->
<testsuite ignored="0" hostname="DESKTOP-5EVK54D" failures="0" tests="4" name="Test" time="9.775" errors="0" timestamp="2023-08-08T19:46:35 IST">
  <testcase classname="ecom.LoginAPI" name="createUser" time="7.813"/>
  <testcase classname="ecom.AddProductAPI" name="addProductToApp" time="0.871"/>
  <testcase classname="ecom.PlaceOrder" name="placeOrder" time="0.247"/>
  <testcase classname="ecom.DeleteAPI" name="deleteProduct" time="0.209"/>
</testsuite> <!-- Test -->
