<?xml version="1.0" encoding="UTF-8"?>
<testng-results ignored="0" total="2" passed="2" failed="0" skipped="0">
  <reporter-output>
  </reporter-output>
  <suite started-at="2023-08-07T20:41:33 IST" name="Suite" finished-at="2023-08-07T20:41:46 IST" duration-ms="13177">
    <groups>
    </groups>
    <test started-at="2023-08-07T20:41:33 IST" name="Test" finished-at="2023-08-07T20:41:46 IST" duration-ms="13177">
      <class name="ecom.AddProductAPI">
        <test-method signature="addProductToApp()[pri:0, instance:ecom.AddProductAPI@5562c41e]" started-at="2023-08-07T20:41:45 IST" name="addProductToApp" finished-at="2023-08-07T20:41:46 IST" duration-ms="1038" status="PASS">
          <reporter-output>
          </reporter-output>
        </test-method> <!-- addProductToApp -->
      </class> <!-- ecom.AddProductAPI -->
      <class name="ecom.LoginAPI">
        <test-method signature="createUser()[pri:0, instance:ecom.LoginAPI@6d4e5011]" started-at="2023-08-07T20:41:33 IST" name="createUser" finished-at="2023-08-07T20:41:45 IST" duration-ms="11970" status="PASS">
          <reporter-output>
          </reporter-output>
        </test-method> <!-- createUser -->
      </class> <!-- ecom.LoginAPI -->
    </test> <!-- Test -->
  </suite> <!-- Suite -->
</testng-results>
