<?xml version="1.0" encoding="UTF-8"?>
<testng-results ignored="0" total="1" passed="1" failed="0" skipped="0">
  <reporter-output>
  </reporter-output>
  <suite started-at="2023-08-04T19:34:44 IST" name="Default suite" finished-at="2023-08-04T19:34:49 IST" duration-ms="4735">
    <groups>
    </groups>
    <test started-at="2023-08-04T19:34:44 IST" name="Default test" finished-at="2023-08-04T19:34:49 IST" duration-ms="4735">
      <class name="fetchdatafromresponse.FetchDetailsFromReadyMadeJson">
        <test-method signature="fetchData()[pri:0, instance:fetchdatafromresponse.FetchDetailsFromReadyMadeJson@3e84448c]" started-at="2023-08-04T19:34:44 IST" name="fetchData" finished-at="2023-08-04T19:34:49 IST" duration-ms="4613" status="PASS">
          <reporter-output>
          </reporter-output>
        </test-method> <!-- fetchData -->
      </class> <!-- fetchdatafromresponse.FetchDetailsFromReadyMadeJson -->
    </test> <!-- Default test -->
  </suite> <!-- Default suite -->
</testng-results>
